# JRE version: OpenJDK Runtime Environment (8.0_252-b09) (build 1.8.0_252-8u252-b09-1~18.04-b09)
# Java VM: OpenJDK 64-Bit Server VM (25.252-b09 mixed mode linux-amd64 compressed oops)
Heap:
 PSYoungGen      total 1036800K, used 45063K [0x000000076ab00000, 0x00000007ad500000, 0x00000007c0000000)
  eden space 991232K, 0% used [0x000000076ab00000,0x000000076ab00000,0x00000007a7300000)
  from space 45568K, 98% used [0x00000007a7300000,0x00000007a9f01ef0,0x00000007a9f80000)
  to   space 40448K, 0% used [0x00000007a9f80000,0x00000007a9f80000,0x00000007ac700000)
 ParOldGen       total 1044480K, used 912349K [0x00000006c0000000, 0x00000006ffc00000, 0x000000076ab00000)
  object space 1044480K, 87% used [0x00000006c0000000,0x00000006f7af7570,0x00000006ffc00000)
 Metaspace       used 45778K, capacity 50952K, committed 51248K, reserved 1093632K
  class space    used 5398K, capacity 6866K, committed 6960K, reserved 1048576K
GC Heap History (10 events):
Event: 21.590 GC heap after
Heap after GC invocations=52 (full 6):
 PSYoungGen      total 922624K, used 24842K [0x000000076ab00000, 0x00000007a5580000, 0x00000007c0000000)
  eden space 885760K, 0% used [0x000000076ab00000,0x000000076ab00000,0x00000007a0c00000)
  from space 36864K, 67% used [0x00000007a3080000,0x00000007a48c2880,0x00000007a5480000)
  to   space 37376K, 0% used [0x00000007a0c00000,0x00000007a0c00000,0x00000007a3080000)
 ParOldGen       total 717824K, used 634164K [0x00000006c0000000, 0x00000006ebd00000, 0x000000076ab00000)
  object space 717824K, 88% used [0x00000006c0000000,0x00000006e6b4d3f8,0x00000006ebd00000)
 Metaspace       used 45527K, capacity 50724K, committed 50864K, reserved 1093632K
  class space    used 5380K, capacity 6832K, committed 6832K, reserved 1048576K
}
Event: 22.074 GC heap before
{Heap before GC invocations=53 (full 6):
 PSYoungGen      total 922624K, used 910602K [0x000000076ab00000, 0x00000007a5580000, 0x00000007c0000000)
  eden space 885760K, 100% used [0x000000076ab00000,0x00000007a0c00000,0x00000007a0c00000)
  from space 36864K, 67% used [0x00000007a3080000,0x00000007a48c2880,0x00000007a5480000)
  to   space 37376K, 0% used [0x00000007a0c00000,0x00000007a0c00000,0x00000007a3080000)
 ParOldGen       total 717824K, used 634164K [0x00000006c0000000, 0x00000006ebd00000, 0x000000076ab00000)
  object space 717824K, 88% used [0x00000006c0000000,0x00000006e6b4d3f8,0x00000006ebd00000)
 Metaspace       used 45528K, capacity 50724K, committed 50864K, reserved 1093632K
  class space    used 5380K, capacity 6832K, committed 6832K, reserved 1048576K
Event: 22.092 GC heap after
Heap after GC invocations=53 (full 6):
 PSYoungGen      total 923136K, used 33323K [0x000000076ab00000, 0x00000007ac700000, 0x00000007c0000000)
  eden space 885760K, 0% used [0x000000076ab00000,0x000000076ab00000,0x00000007a0c00000)
  from space 37376K, 89% used [0x00000007a0c00000,0x00000007a2c8ac58,0x00000007a3080000)
  to   space 40448K, 0% used [0x00000007a9f80000,0x00000007a9f80000,0x00000007ac700000)
 ParOldGen       total 717824K, used 654468K [0x00000006c0000000, 0x00000006ebd00000, 0x000000076ab00000)
  object space 717824K, 91% used [0x00000006c0000000,0x00000006e7f21368,0x00000006ebd00000)
 Metaspace       used 45528K, capacity 50724K, committed 50864K, reserved 1093632K
  class space    used 5380K, capacity 6832K, committed 6832K, reserved 1048576K
}
Event: 22.092 GC heap before
{Heap before GC invocations=54 (full 7):
 PSYoungGen      total 923136K, used 33323K [0x000000076ab00000, 0x00000007ac700000, 0x00000007c0000000)
  eden space 885760K, 0% used [0x000000076ab00000,0x000000076ab00000,0x00000007a0c00000)
  from space 37376K, 89% used [0x00000007a0c00000,0x00000007a2c8ac58,0x00000007a3080000)
  to   space 40448K, 0% used [0x00000007a9f80000,0x00000007a9f80000,0x00000007ac700000)
 ParOldGen       total 717824K, used 654468K [0x00000006c0000000, 0x00000006ebd00000, 0x000000076ab00000)
  object space 717824K, 91% used [0x00000006c0000000,0x00000006e7f21368,0x00000006ebd00000)
 Metaspace       used 45528K, capacity 50724K, committed 50864K, reserved 1093632K
  class space    used 5380K, capacity 6832K, committed 6832K, reserved 1048576K
Event: 22.146 GC heap after
Heap after GC invocations=54 (full 7):
 PSYoungGen      total 923136K, used 0K [0x000000076ab00000, 0x00000007ac700000, 0x00000007c0000000)
  eden space 885760K, 0% used [0x000000076ab00000,0x000000076ab00000,0x00000007a0c00000)
  from space 37376K, 0% used [0x00000007a0c00000,0x00000007a0c00000,0x00000007a3080000)
  to   space 40448K, 0% used [0x00000007a9f80000,0x00000007a9f80000,0x00000007ac700000)
 ParOldGen       total 848384K, used 682859K [0x00000006c0000000, 0x00000006f3c80000, 0x000000076ab00000)
  object space 848384K, 80% used [0x00000006c0000000,0x00000006e9adadf8,0x00000006f3c80000)
 Metaspace       used 45528K, capacity 50724K, committed 50864K, reserved 1093632K
  class space    used 5380K, capacity 6832K, committed 6832K, reserved 1048576K
}
Event: 23.001 GC heap before
{Heap before GC invocations=55 (full 7):
 PSYoungGen      total 923136K, used 883657K [0x000000076ab00000, 0x00000007ac700000, 0x00000007c0000000)
  eden space 885760K, 99% used [0x000000076ab00000,0x00000007a09f2628,0x00000007a0c00000)
  from space 37376K, 0% used [0x00000007a0c00000,0x00000007a0c00000,0x00000007a3080000)
  to   space 40448K, 0% used [0x00000007a9f80000,0x00000007a9f80000,0x00000007ac700000)
 ParOldGen       total 848384K, used 682859K [0x00000006c0000000, 0x00000006f3c80000, 0x000000076ab00000)
  object space 848384K, 80% used [0x00000006c0000000,0x00000006e9adadf8,0x00000006f3c80000)
 Metaspace       used 45605K, capacity 50728K, committed 50992K, reserved 1093632K
  class space    used 5386K, capacity 6834K, committed 6960K, reserved 1048576K
Event: 23.043 GC heap after
Heap after GC invocations=55 (full 7):
 PSYoungGen      total 1031680K, used 39627K [0x000000076ab00000, 0x00000007ad500000, 0x00000007c0000000)
  eden space 991232K, 0% used [0x000000076ab00000,0x000000076ab00000,0x00000007a7300000)
  from space 40448K, 97% used [0x00000007a9f80000,0x00000007ac632f40,0x00000007ac700000)
  to   space 45568K, 0% used [0x00000007a7300000,0x00000007a7300000,0x00000007a9f80000)
 ParOldGen       total 848384K, used 799376K [0x00000006c0000000, 0x00000006f3c80000, 0x000000076ab00000)
  object space 848384K, 94% used [0x00000006c0000000,0x00000006f0ca4180,0x00000006f3c80000)
 Metaspace       used 45605K, capacity 50728K, committed 50992K, reserved 1093632K
  class space    used 5386K, capacity 6834K, committed 6960K, reserved 1048576K
}
Event: 23.043 GC heap before
{Heap before GC invocations=56 (full 8):
 PSYoungGen      total 1031680K, used 39627K [0x000000076ab00000, 0x00000007ad500000, 0x00000007c0000000)
  eden space 991232K, 0% used [0x000000076ab00000,0x000000076ab00000,0x00000007a7300000)
  from space 40448K, 97% used [0x00000007a9f80000,0x00000007ac632f40,0x00000007ac700000)
  to   space 45568K, 0% used [0x00000007a7300000,0x00000007a7300000,0x00000007a9f80000)
 ParOldGen       total 848384K, used 799376K [0x00000006c0000000, 0x00000006f3c80000, 0x000000076ab00000)
  object space 848384K, 94% used [0x00000006c0000000,0x00000006f0ca4180,0x00000006f3c80000)
 Metaspace       used 45605K, capacity 50728K, committed 50992K, reserved 1093632K
  class space    used 5386K, capacity 6834K, committed 6960K, reserved 1048576K
Event: 23.120 GC heap after
Heap after GC invocations=56 (full 8):
 PSYoungGen      total 1031680K, used 0K [0x000000076ab00000, 0x00000007ad500000, 0x00000007c0000000)
  eden space 991232K, 0% used [0x000000076ab00000,0x000000076ab00000,0x00000007a7300000)
  from space 40448K, 0% used [0x00000007a9f80000,0x00000007a9f80000,0x00000007ac700000)
  to   space 45568K, 0% used [0x00000007a7300000,0x00000007a7300000,0x00000007a9f80000)
 ParOldGen       total 1044480K, used 826611K [0x00000006c0000000, 0x00000006ffc00000, 0x000000076ab00000)
  object space 1044480K, 79% used [0x00000006c0000000,0x00000006f273cc20,0x00000006ffc00000)
 Metaspace       used 45605K, capacity 50728K, committed 50992K, reserved 1093632K
  class space    used 5386K, capacity 6834K, committed 6960K, reserved 1048576K
}
Event: 25.513 GC heap before
{Heap before GC invocations=57 (full 8):
 PSYoungGen      total 1031680K, used 928515K [0x000000076ab00000, 0x00000007ad500000, 0x00000007c0000000)
  eden space 991232K, 93% used [0x000000076ab00000,0x00000007a35c0ed8,0x00000007a7300000)
  from space 40448K, 0% used [0x00000007a9f80000,0x00000007a9f80000,0x00000007ac700000)
  to   space 45568K, 0% used [0x00000007a7300000,0x00000007a7300000,0x00000007a9f80000)
 ParOldGen       total 1044480K, used 826611K [0x00000006c0000000, 0x00000006ffc00000, 0x000000076ab00000)
  object space 1044480K, 79% used [0x00000006c0000000,0x00000006f273cc20,0x00000006ffc00000)
 Metaspace       used 45778K, capacity 50952K, committed 51248K, reserved 1093632K
  class space    used 5398K, capacity 6866K, committed 6960K, reserved 1048576K

